<?xml version="1.0" encoding="UTF-8"?>
<!-- Generated by org.testng.reporters.JUnitXMLReporter -->
<testsuite hostname="DELL-PC" ignored="0" name="Default test" tests="3" failures="0" timestamp="23 May 2018 10:13:47 GMT" time="0.587" errors="0">
  <testcase name="verifyCreateContact" time="0.016" classname="com.testersconnect.extreports.TestSuiteExtentReports"/>
  <testcase name="verifyDeleteContact" time="0.0" classname="com.testersconnect.extreports.TestSuiteExtentReports"/>
  <testcase name="verifyCreateCompany" time="0.008" classname="com.testersconnect.extreports.TestSuiteExtentReports"/>
</testsuite> <!-- Default test -->
