<?xml version="1.0" encoding="UTF-8"?>
<testng-results skipped="0" failed="0" ignored="0" total="3" passed="3">
  <reporter-output>
  </reporter-output>
  <suite name="Default suite" duration-ms="587" started-at="2018-05-23T10:13:46Z" finished-at="2018-05-23T10:13:47Z">
    <groups>
    </groups>
    <test name="Default test" duration-ms="587" started-at="2018-05-23T10:13:46Z" finished-at="2018-05-23T10:13:47Z">
      <class name="com.testersconnect.extreports.TestSuiteExtentReports">
        <test-method status="PASS" signature="startReport()[pri:0, instance:com.testersconnect.extreports.TestSuiteExtentReports@724af044]" name="startReport" is-config="true" duration-ms="172" started-at="2018-05-23T10:13:46Z" finished-at="2018-05-23T10:13:47Z">
          <reporter-output>
          </reporter-output>
        </test-method> <!-- startReport -->
        <test-method status="PASS" signature="verifyCreateContact()[pri:1, instance:com.testersconnect.extreports.TestSuiteExtentReports@724af044]" name="verifyCreateContact" duration-ms="16" started-at="2018-05-23T10:13:47Z" finished-at="2018-05-23T10:13:47Z">
          <reporter-output>
          </reporter-output>
        </test-method> <!-- verifyCreateContact -->
        <test-method status="PASS" signature="verifyDeleteContact()[pri:2, instance:com.testersconnect.extreports.TestSuiteExtentReports@724af044]" name="verifyDeleteContact" duration-ms="0" started-at="2018-05-23T10:13:47Z" finished-at="2018-05-23T10:13:47Z">
          <reporter-output>
          </reporter-output>
        </test-method> <!-- verifyDeleteContact -->
        <test-method status="PASS" signature="verifyCreateCompany()[pri:3, instance:com.testersconnect.extreports.TestSuiteExtentReports@724af044]" name="verifyCreateCompany" duration-ms="8" started-at="2018-05-23T10:13:47Z" finished-at="2018-05-23T10:13:47Z">
          <reporter-output>
          </reporter-output>
        </test-method> <!-- verifyCreateCompany -->
        <test-method status="PASS" signature="endReport()[pri:0, instance:com.testersconnect.extreports.TestSuiteExtentReports@724af044]" name="endReport" is-config="true" duration-ms="360" started-at="2018-05-23T10:13:47Z" finished-at="2018-05-23T10:13:47Z">
          <reporter-output>
          </reporter-output>
        </test-method> <!-- endReport -->
      </class> <!-- com.testersconnect.extreports.TestSuiteExtentReports -->
    </test> <!-- Default test -->
  </suite> <!-- Default suite -->
</testng-results>
